[LOG] Manager::init                            : maxchannels = 1024 studioflags = 00000009 flags 00000000 extradriverdata 0000000000000000.
[LOG] SystemI::init                            : FMOD Studio Version: 00010905 (87612)
[LOG] SystemI::init                            : maxchannels = 1024, flags = 00030000, extradriverdata = 0000000000000000
[LOG] SystemI::setOutputInternal               : Setting output to type 0
[LOG] SystemI::setOutputInternal               : Setting output to type 8
[LOG] SystemI::setOutputInternal               : Setting output to type 8
[LOG] OutputWASAPI::init                       : Mix Format (WAVEFORMATEX): wFormatTag=0xFFFE, nChannels=2, nSamplesPerSec=48000, nAvgBytesPerSec=384000, nBlockAlign=8, wBitsPerSample=32, cbSize=22.
[LOG] OutputWASAPI::init                       : Mix Format (WAVEFORMATEXTENSIBLE): wValidBitsPerSample=32, dwChannelMask=0x00000003, SubFormat=00000003-0000-0010-8000-00AA00389B71.
[LOG] OutputWASAPI::init                       : Output buffer size: 4096 samples, latency: 0.00ms, period: 10.00ms, DSP buffer: 1024 * 4
[LOG] SystemI::init                            : Create master channel group and master sound group.
[LOG] SystemI::init                            : Set up emulated output.  1024 channels
[LOG] SystemI::init                            : create the channel pool
[LOG] SystemI::init                            : create the stream thread
[LOG] Thread::initThread                       : Init FMOD stream thread. Priority: 2, Stack Size: 65536, Semaphore: No, Sleep Time: 10, Looping: Yes.
[LOG] SystemI::DSPCodecPoolRegister            : register codec pool for pool type 5
[LOG] Thread::initThread                       : Init FMOD mixer thread. Priority: 3, Stack Size: 49152, Semaphore: No, Sleep Time: 0, Looping: Yes.
[LOG] AsyncManager::init                       : manager 0000000067E52A08 isAsync 1 updatePeriod 0.02
[LOG] Thread::initThread                       : Init FMOD Studio update thread. Priority: 0, Stack Size: 65536, Semaphore: No, Sleep Time: 1, Looping: No.
[LOG] AsyncManager::init                       : done
[LOG] PlaybackSystem::init                     : 
[LOG] Thread::initThread                       : Init FMOD Studio sample load thread. Priority: 0, Stack Size: 65536, Semaphore: No, Sleep Time: 1, Looping: No.
[LOG] PlaybackSystem::init                     : done
[LOG] LiveUpdate::init                         : 
[LOG] Thread::initThread                       : Init FMOD Studio bank load thread. Priority: 0, Stack Size: 65536, Semaphore: No, Sleep Time: 1, Looping: No.
[LOG] Manager::init                            : done.
[LOG] Profile::init                            : Profiler listening on port: 9264
[LOG] Manager::readBank                        : fileversion = 88, compatVersion = 86 (oldest = 44, newest = 88)
[LOG] Manager::readBank                        : fileversion = 88, compatVersion = 86 (oldest = 44, newest = 88)
[LOG] PlaybackSystem::acquireMasterBus         : Setting master channel group format to 6
[LOG] SystemI::createSound                     : filename = tesssttt\Build\Desktop/Master Bank.bank : mode 02012082
[LOG] SystemI::createSound                     : FMOD_NONBLOCKING specified.  Putting into queue to be opened asynchronously!
[LOG] Thread::initThread                       : Init FMOD nonblocking thread (0). Priority: 1, Stack Size: 81920, Semaphore: Yes, Sleep Time: 0, Looping: Yes.
[LOG] SystemI::createSound                     : setdata soundi = 0000000053EE3678 : node = 000000005C2935C0
[LOG] SystemI::createSound                     : add node to async list : head = 000000005C031578.  list count = 0
[LOG] AsyncThread::threadFunc                  : Starting Asynchronous operation on sound 0000000053EE3678
[LOG] SystemI::createSoundInternal             :     filename = tesssttt\Build\Desktop/Master Bank.bank : mode 02012082
[LOG] SystemI::createSoundInternal             :     exinfo->cbsize             = 232
[LOG] SystemI::createSoundInternal             :     exinfo->length             = 33517280
[LOG] SystemI::createSound                     :     filename = tesssttt\Build\Desktop/Master Bank.bank : mode 02012082
[LOG] SystemI::createSoundInternal             :     exinfo->fileoffset         = 48576
[LOG] SystemI::createSound                     :     FMOD_NONBLOCKING specified.  Putting into queue to be opened asynchronously!
[LOG] SystemI::createSoundInternal             :     exinfo->numsubsounds       = 1
[LOG] SystemI::createSound                     :     setdata soundi = 0000000053EE3828 : node = 000000005C292210
[LOG] SystemI::createSoundInternal             :     exinfo->inclusionlist      = 000000005C2936D8
[LOG] SystemI::createSound                     :     add node to async list : head = 000000005C031578.  list count = 0
[LOG] SystemI::createSoundInternal             :     exinfo->inclusionlistnum   = 1
[LOG] SystemI::createSoundInternal             :     exinfo->suggestedsoundtype = 5
[LOG] SystemI::createSound                     :     filename = tesssttt\Build\Desktop/Master Bank.bank : mode 02012082
[LOG] SystemI::createSound                     :     FMOD_NONBLOCKING specified.  Putting into queue to be opened asynchronously!
[LOG] SystemI::createSound                     :     setdata soundi = 0000000053EE39D8 : node = 000000005C291F70
[LOG] SystemI::createSound                     :     add node to async list : head = 000000005C031578.  list count = 1
[LOG] SystemI::createSound                     :     filename = tesssttt\Build\Desktop/Master Bank.bank : mode 02012082
[LOG] SystemI::createSound                     :     FMOD_NONBLOCKING specified.  Putting into queue to be opened asynchronously!
[LOG] SystemI::createSound                     :     setdata soundi = 000000005439BD08 : node = 000000005C292600
[LOG] SystemI::createSound                     :     add node to async list : head = 000000005C031578.  list count = 2
[LOG] SystemI::createSound                     :     filename = tesssttt\Build\Desktop/Master Bank.bank : mode 02012082
[LOG] SystemI::createSound                     :     FMOD_NONBLOCKING specified.  Putting into queue to be opened asynchronously!
[LOG] SystemI::createSound                     :     setdata soundi = 000000005439C068 : node = 000000005C292C90
[LOG] SystemI::createSound                     :     add node to async list : head = 000000005C031578.  list count = 3
[LOG] SystemI::createSound                     :     filename = tesssttt\Build\Desktop/Master Bank.bank : mode 02012082
[LOG] SystemI::createSound                     :     FMOD_NONBLOCKING specified.  Putting into queue to be opened asynchronously!
[LOG] SystemI::createSound                     :     setdata soundi = 000000005439C218 : node = 000000005C2931D0
[LOG] SystemI::createSound                     :     add node to async list : head = 000000005C031578.  list count = 4
[LOG] SystemI::createSound                     :     filename = tesssttt\Build\Desktop/Master Bank.bank : mode 02012082
[LOG] SystemI::createSound                     :     FMOD_NONBLOCKING specified.  Putting into queue to be opened asynchronously!
[LOG] SystemI::createSound                     :     setdata soundi = 000000005439BEB8 : node = 000000005C292360
[LOG] SystemI::createSound                     :     add node to async list : head = 000000005C031578.  list count = 5
[LOG] SystemI::createSound                     :     filename = tesssttt\Build\Desktop/Master Bank.bank : mode 02012082
[LOG] SystemI::createSound                     :     FMOD_NONBLOCKING specified.  Putting into queue to be opened asynchronously!
[LOG] SystemI::createSound                     :     setdata soundi = 0000000067BD5A68 : node = 000000005C293080
[LOG] SystemI::createSound                     :     add node to async list : head = 000000005C031578.  list count = 6
[LOG] SystemI::createSound                     :     filename = tesssttt\Build\Desktop/Master Bank.bank : mode 02012082
[LOG] SystemI::createSound                     :     FMOD_NONBLOCKING specified.  Putting into queue to be opened asynchronously!
[LOG] SystemI::createSound                     :     setdata soundi = 0000000067BD58B8 : node = 000000005C292750
[LOG] SystemI::createSound                     :     add node to async list : head = 000000005C031578.  list count = 7
[LOG] SystemI::createSoundInternal             :     Format has 1 subsounds.
[LOG] SystemI::createSound                     :     filename = tesssttt\Build\Desktop/Master Bank.bank : mode 02012082
[LOG] SystemI::createSoundInternal             :     Create as FMOD_CREATESTREAM
[LOG] SystemI::createSound                     :     FMOD_NONBLOCKING specified.  Putting into queue to be opened asynchronously!
[LOG] System::createSoundInternal              :     decode buffersize = 19200 : blocksize = 256 : format = 2
[LOG] SystemI::createSound                     :     setdata soundi = 0000000067BD5C18 : node = 000000005C293710
[LOG] SystemI::createSample                    :     mode 02012082 length 19200 samples, lengthbytes 1171456
[LOG] SystemI::createSound                     :     add node to async list : head = 000000005C031578.  list count = 8
[LOG] SystemI::createSample                    :     channels = 2
[LOG] SystemI::createSample                    :     output = 000000005C51FAD8
[LOG] OutputSoftware::createSample             :     lengthpcm 19200, lengthbytes 1171456, channels 2, format 2, freq 48000, mode 0201208a
[LOG] System::createSoundInternal              :     1 subsounds detected.
[LOG] System::createSoundInternal              :     Seek stream to start
[LOG] System::createSoundInternal              :     switch file handle from small blocking single buffered to large nonblocking doublebuffered.
[LOG] Thread::initThread                       :         Init FMOD file thread. Priority: 1, Stack Size: 16384, Semaphore: No, Sleep Time: 10, Looping: Yes.
[LOG] SystemI::createSound                     :         filename = tesssttt\Build\Desktop/Master Bank.bank : mode 02012082
[LOG] SystemI::createSound                     :         FMOD_NONBLOCKING specified.  Putting into queue to be opened asynchronously!
[LOG] SystemI::createSound                     :         setdata soundi = 0000000067BD5708 : node = 000000005C2920C0
[LOG] SystemI::createSound                     :         add node to async list : head = 000000005C031578.  list count = 9
[LOG] SystemI::createSound                     :         filename = tesssttt\Build\Desktop/Master Bank.bank : mode 02012082
[LOG] SystemI::createSound                     :         FMOD_NONBLOCKING specified.  Putting into queue to be opened asynchronously!
[LOG] SystemI::createSound                     :         setdata soundi = 000000005C30FAA8 : node = 000000005C292B40
[LOG] SystemI::createSound                     :         add node to async list : head = 000000005C031578.  list count = 10
[LOG] SystemI::createSound                     :         filename = tesssttt\Build\Desktop/Master Bank.bank : mode 02012082
[LOG] SystemI::createSound                     :         FMOD_NONBLOCKING specified.  Putting into queue to be opened asynchronously!
[LOG] SystemI::createSound                     :         setdata soundi = 000000005C30ED28 : node = 000000005C2929F0
[LOG] SystemI::createSound                     :         add node to async list : head = 000000005C031578.  list count = 11
[LOG] SystemI::createSoundInternal             :     done.  OpenState now = FMOD_OPENSTATE_READY.

[LOG] SystemI::createSound                     :     filename = tesssttt\Build\Desktop/Master Bank.bank : mode 02012082
[LOG] AsyncThread::threadFunc                  : Finished Asynchronous operation on sound 0000000053EE3678
[LOG] SystemI::createSound                     : FMOD_NONBLOCKING specified.  Putting into queue to be opened asynchronously!
[LOG] AsyncThread::threadFunc                  : Starting Asynchronous operation on sound 0000000053EE3828
[LOG] SystemI::createSound                     : setdata soundi = 000000005C30EED8 : node = 000000005C292DE0
[LOG] SystemI::createSoundInternal             :     filename = tesssttt\Build\Desktop/Master Bank.bank : mode 02012082
[LOG] SystemI::createSound                     :     add node to async list : head = 000000005C031578.  list count = 11
[LOG] SystemI::createSoundInternal             :     exinfo->cbsize             = 232
[LOG] SystemI::createSoundInternal             :     exinfo->length             = 33517280
[LOG] SystemI::createSoundInternal             :     exinfo->fileoffset         = 48576
[LOG] SystemI::createSoundInternal             :     exinfo->numsubsounds       = 1
[LOG] SystemI::createSoundInternal             :     exinfo->inclusionlist      = 000000005C292328
[LOG] SystemI::createSoundInternal             :     exinfo->inclusionlistnum   = 1
[LOG] SystemI::createSoundInternal             :     exinfo->suggestedsoundtype = 5
[LOG] SystemI::createSound                     :     filename = tesssttt\Build\Desktop/Master Bank.bank : mode 02012082
[LOG] SystemI::createSound                     :     FMOD_NONBLOCKING specified.  Putting into queue to be opened asynchronously!
[LOG] SystemI::createSound                     :     setdata soundi = 000000005C30F748 : node = 000000005C293320
[LOG] SystemI::createSound                     :     add node to async list : head = 000000005C031578.  list count = 12
[LOG] SystemI::createSoundInternal             :     Format has 1 subsounds.
[LOG] SystemI::createSoundInternal             :     Create as FMOD_CREATESTREAM
[LOG] System::createSoundInternal              :     decode buffersize = 19200 : blocksize = 256 : format = 2
[LOG] SystemI::createSample                    :     mode 02012082 length 19200 samples, lengthbytes 1391264
[LOG] SystemI::createSample                    :     channels = 2
[LOG] SystemI::createSample                    :     output = 000000005C51FAD8
[LOG] OutputSoftware::createSample             :     lengthpcm 19200, lengthbytes 1391264, channels 2, format 2, freq 48000, mode 0201208a
[LOG] SystemI::createSound                     :     filename = tesssttt\Build\Desktop/Master Bank.bank : mode 02012082
[LOG] System::createSoundInternal              :     1 subsounds detected.
[LOG] SystemI::createSound                     :     FMOD_NONBLOCKING specified.  Putting into queue to be opened asynchronously!
[LOG] System::createSoundInternal              :     Seek stream to start
[LOG] SystemI::createSound                     :     setdata soundi = 000000005C30F598 : node = 000000005C293860
[LOG] SystemI::createSound                     :     add node to async list : head = 000000005C031578.  list count = 13
[LOG] System::createSoundInternal              :     switch file handle from small blocking single buffered to large nonblocking doublebuffered.
[LOG] SystemI::createSoundInternal             :     done.  OpenState now = FMOD_OPENSTATE_READY.

[LOG] AsyncThread::threadFunc                  : Finished Asynchronous operation on sound 0000000053EE3828
[LOG] AsyncThread::threadFunc                  : Starting Asynchronous operation on sound 0000000053EE39D8
[LOG] SystemI::createSoundInternal             :     filename = tesssttt\Build\Desktop/Master Bank.bank : mode 02012082
[LOG] SystemI::createSoundInternal             :     exinfo->cbsize             = 232
[LOG] SystemI::createSoundInternal             :     exinfo->length             = 33517280
[LOG] SystemI::createSoundInternal             :     exinfo->fileoffset         = 48576
[LOG] SystemI::createSoundInternal             :     exinfo->numsubsounds       = 1
[LOG] SystemI::createSound                     :     filename = tesssttt\Build\Desktop/Master Bank.bank : mode 02012082
[LOG] SystemI::createSoundInternal             :     exinfo->inclusionlist      = 000000005C292088
[LOG] SystemI::createSound                     :     FMOD_NONBLOCKING specified.  Putting into queue to be opened asynchronously!
[LOG] SystemI::createSoundInternal             :     exinfo->inclusionlistnum   = 1
[LOG] SystemI::createSound                     :     setdata soundi = 000000005C30F8F8 : node = 000000005C291E20
[LOG] SystemI::createSoundInternal             :     exinfo->suggestedsoundtype = 5
[LOG] SystemI::createSound                     :     add node to async list : head = 000000005C031578.  list count = 13
[LOG] SystemI::createSoundInternal             :     Format has 1 subsounds.
[LOG] SystemI::createSoundInternal             :     Create as FMOD_CREATESTREAM
[LOG] System::createSoundInternal              :     decode buffersize = 19200 : blocksize = 256 : format = 2
[LOG] SystemI::createSample                    :     mode 02012082 length 19200 samples, lengthbytes 1186432
[LOG] SystemI::createSound                     :     filename = tesssttt\Build\Desktop/Master Bank.bank : mode 02012082
[LOG] SystemI::createSample                    :     channels = 2
[LOG] SystemI::createSound                     :     FMOD_NONBLOCKING specified.  Putting into queue to be opened asynchronously!
[LOG] SystemI::createSample                    :     output = 000000005C51FAD8
[LOG] SystemI::createSound                     :     setdata soundi = 000000005C30F088 : node = 000000005C2924B0
[LOG] OutputSoftware::createSample             :     lengthpcm 19200, lengthbytes 1186432, channels 2, format 2, freq 48000, mode 0201208a
[LOG] SystemI::createSound                     :     add node to async list : head = 000000005C031578.  list count = 14
[LOG] System::createSoundInternal              :     1 subsounds detected.
[LOG] System::createSoundInternal              :     Seek stream to start
[LOG] System::createSoundInternal              :     switch file handle from small blocking single buffered to large nonblocking doublebuffered.
[LOG] SystemI::createSoundInternal             :     done.  OpenState now = FMOD_OPENSTATE_READY.

[LOG] AsyncThread::threadFunc                  : Finished Asynchronous operation on sound 0000000053EE39D8
[LOG] AsyncThread::threadFunc                  : Starting Asynchronous operation on sound 000000005439BD08
[LOG] SystemI::createSound                     : filename = tesssttt\Build\Desktop/Master Bank.bank : mode 02012082
[LOG] SystemI::createSoundInternal             :     filename = tesssttt\Build\Desktop/Master Bank.bank : mode 02012082
[LOG] SystemI::createSound                     :     FMOD_NONBLOCKING specified.  Putting into queue to be opened asynchronously!
[LOG] SystemI::createSoundInternal             :     exinfo->cbsize             = 232
[LOG] SystemI::createSound                     :     setdata soundi = 000000005C30F238 : node = 000000005C293470
[LOG] SystemI::createSoundInternal             :     exinfo->length             = 33517280
[LOG] SystemI::createSound                     :     add node to async list : head = 000000005C031578.  list count = 14
[LOG] SystemI::createSoundInternal             :     exinfo->fileoffset         = 48576
[LOG] SystemI::createSoundInternal             :     exinfo->numsubsounds       = 1
[LOG] SystemI::createSoundInternal             :     exinfo->inclusionlist      = 000000005C292718
[LOG] SystemI::createSoundInternal             :     exinfo->inclusionlistnum   = 1
[LOG] SystemI::createSoundInternal             :     exinfo->suggestedsoundtype = 5
[LOG] SystemI::createSound                     :     filename = tesssttt\Build\Desktop/Master Bank.bank : mode 02012082
[LOG] SystemI::createSound                     :     FMOD_NONBLOCKING specified.  Putting into queue to be opened asynchronously!
[LOG] SystemI::createSoundInternal             :     Format has 1 subsounds.
[LOG] SystemI::createSound                     :     setdata soundi = 000000005C30F3E8 : node = 000000005C2939B0
[LOG] SystemI::createSoundInternal             :     Create as FMOD_CREATESTREAM
[LOG] SystemI::createSound                     :     add node to async list : head = 000000005C031578.  list count = 15
[LOG] System::createSoundInternal              :     decode buffersize = 19200 : blocksize = 256 : format = 2
[LOG] SystemI::createSample                    :     mode 02012082 length 19200 samples, lengthbytes 1220000
[LOG] SystemI::createSample                    :     channels = 2
[LOG] SoundI::getSubSound                      :     sound 0000000053EE3678.  Subsound index 0 / 1
[LOG] SystemI::createSample                    :     output = 000000005C51FAD8
[LOG] SoundI::getSubSound                      :     starting non blocking seek and setting sound to not ready state
[LOG] OutputSoftware::createSample             :     lengthpcm 19200, lengthbytes 1220000, channels 2, format 2, freq 48000, mode 0201208a
[LOG] SoundI::getSubSound                      :     finished preparing nonblocking getSubSound seek
[LOG] System::createSoundInternal              :     1 subsounds detected.
[LOG] SoundI::getSubSound                      :     sound 0000000053EE3828.  Subsound index 0 / 1
[LOG] System::createSoundInternal              :     Seek stream to start
[LOG] SoundI::getSubSound                      :     starting non blocking seek and setting sound to not ready state
[LOG] SoundI::getSubSound                      :     finished preparing nonblocking getSubSound seek
[LOG] System::createSoundInternal              :     switch file handle from small blocking single buffered to large nonblocking doublebuffered.
[LOG] SoundI::getSubSound                      :     sound 0000000053EE39D8.  Subsound index 0 / 1
[LOG] SoundI::getSubSound                      :     starting non blocking seek and setting sound to not ready state
[LOG] SoundI::getSubSound                      :     finished preparing nonblocking getSubSound seek
[LOG] SystemI::createSoundInternal             :     done.  OpenState now = FMOD_OPENSTATE_READY.

[LOG] AsyncThread::threadFunc                  : Finished Asynchronous operation on sound 000000005439BD08
[LOG] AsyncThread::threadFunc                  : Starting Asynchronous operation on sound 000000005439C068
[LOG] SystemI::createSoundInternal             :     filename = tesssttt\Build\Desktop/Master Bank.bank : mode 02012082
[LOG] SystemI::createSoundInternal             :     exinfo->cbsize             = 232
[LOG] SystemI::createSoundInternal             :     exinfo->length             = 33517280
[LOG] SystemI::createSoundInternal             :     exinfo->fileoffset         = 48576
[LOG] SystemI::createSoundInternal             :     exinfo->numsubsounds       = 1
[LOG] SystemI::createSoundInternal             :     exinfo->inclusionlist      = 000000005C292DA8
[LOG] SystemI::createSoundInternal             :     exinfo->inclusionlistnum   = 1
[LOG] SystemI::createSoundInternal             :     exinfo->suggestedsoundtype = 5
[LOG] SystemI::createSoundInternal             :     Format has 1 subsounds.
[LOG] SystemI::createSoundInternal             :     Create as FMOD_CREATESTREAM
[LOG] System::createSoundInternal              :     decode buffersize = 19200 : blocksize = 256 : format = 2
[LOG] SystemI::createSample                    :     mode 02012082 length 19200 samples, lengthbytes 1244544
[LOG] SystemI::createSample                    :     channels = 2
[LOG] SystemI::createSample                    :     output = 000000005C51FAD8
[LOG] OutputSoftware::createSample             :     lengthpcm 19200, lengthbytes 1244544, channels 2, format 2, freq 48000, mode 0201208a
[LOG] System::createSoundInternal              :     1 subsounds detected.
[LOG] System::createSoundInternal              :     Seek stream to start
[LOG] System::createSoundInternal              :     switch file handle from small blocking single buffered to large nonblocking doublebuffered.
[LOG] SystemI::createSoundInternal             :     done.  OpenState now = FMOD_OPENSTATE_READY.

[LOG] AsyncThread::threadFunc                  : Finished Asynchronous operation on sound 000000005439C068
[LOG] AsyncThread::threadFunc                  : Starting Asynchronous operation on sound 000000005439C218
[LOG] SystemI::createSoundInternal             :     filename = tesssttt\Build\Desktop/Master Bank.bank : mode 02012082
[LOG] SystemI::createSoundInternal             :     exinfo->cbsize             = 232
[LOG] SystemI::createSoundInternal             :     exinfo->length             = 33517280
[LOG] SystemI::createSoundInternal             :     exinfo->fileoffset         = 48576
[LOG] SystemI::createSoundInternal             :     exinfo->numsubsounds       = 1
[LOG] SystemI::createSoundInternal             :     exinfo->inclusionlist      = 000000005C2932E8
[LOG] SystemI::createSoundInternal             :     exinfo->inclusionlistnum   = 1
[LOG] SystemI::createSoundInternal             :     exinfo->suggestedsoundtype = 5
[LOG] SystemI::createSoundInternal             :     Format has 1 subsounds.
[LOG] SystemI::createSoundInternal             :     Create as FMOD_CREATESTREAM
[LOG] System::createSoundInternal              :     decode buffersize = 19200 : blocksize = 256 : format = 2
[LOG] SystemI::createSample                    :     mode 02012082 length 19200 samples, lengthbytes 1327776
[LOG] SystemI::createSample                    :     channels = 2
[LOG] SystemI::createSample                    :     output = 000000005C51FAD8
[LOG] OutputSoftware::createSample             :     lengthpcm 19200, lengthbytes 1327776, channels 2, format 2, freq 48000, mode 0201208a
[LOG] System::createSoundInternal              :     1 subsounds detected.
[LOG] System::createSoundInternal              :     Seek stream to start
[LOG] System::createSoundInternal              :     switch file handle from small blocking single buffered to large nonblocking doublebuffered.
[LOG] SystemI::createSoundInternal             :     done.  OpenState now = FMOD_OPENSTATE_READY.

[LOG] AsyncThread::threadFunc                  : Finished Asynchronous operation on sound 000000005439C218
[LOG] AsyncThread::threadFunc                  : Starting Asynchronous operation on sound 000000005439BEB8
[LOG] SystemI::createSoundInternal             :     filename = tesssttt\Build\Desktop/Master Bank.bank : mode 02012082
[LOG] SystemI::createSoundInternal             :     exinfo->cbsize             = 232
[LOG] SystemI::createSoundInternal             :     exinfo->length             = 33517280
[LOG] SystemI::createSoundInternal             :     exinfo->fileoffset         = 48576
[LOG] SystemI::createSoundInternal             :     exinfo->numsubsounds       = 1
[LOG] SystemI::createSoundInternal             :     exinfo->inclusionlist      = 000000005C292478
[LOG] SystemI::createSoundInternal             :     exinfo->inclusionlistnum   = 1
[LOG] SystemI::createSoundInternal             :     exinfo->suggestedsoundtype = 5
[LOG] SystemI::createSoundInternal             :     Format has 1 subsounds.
[LOG] SystemI::createSoundInternal             :     Create as FMOD_CREATESTREAM
[LOG] System::createSoundInternal              :     decode buffersize = 19200 : blocksize = 256 : format = 2
[LOG] SystemI::createSample                    :     mode 02012082 length 19200 samples, lengthbytes 1333504
[LOG] SystemI::createSample                    :     channels = 2
[LOG] SystemI::createSample                    :     output = 000000005C51FAD8
[LOG] OutputSoftware::createSample             :     lengthpcm 19200, lengthbytes 1333504, channels 2, format 2, freq 48000, mode 0201208a
[LOG] System::createSoundInternal              :     1 subsounds detected.
[LOG] System::createSoundInternal              :     Seek stream to start
[LOG] System::createSoundInternal              :     switch file handle from small blocking single buffered to large nonblocking doublebuffered.
[LOG] SystemI::createSoundInternal             :     done.  OpenState now = FMOD_OPENSTATE_READY.

[LOG] AsyncThread::threadFunc                  : Finished Asynchronous operation on sound 000000005439BEB8
[LOG] AsyncThread::threadFunc                  : Starting Asynchronous operation on sound 0000000067BD5A68
[LOG] SystemI::createSoundInternal             :     filename = tesssttt\Build\Desktop/Master Bank.bank : mode 02012082
[LOG] SystemI::createSoundInternal             :     exinfo->cbsize             = 232
[LOG] SystemI::createSoundInternal             :     exinfo->length             = 33517280
[LOG] SystemI::createSoundInternal             :     exinfo->fileoffset         = 48576
[LOG] SystemI::createSoundInternal             :     exinfo->numsubsounds       = 1
[LOG] SystemI::createSoundInternal             :     exinfo->inclusionlist      = 000000005C293198
[LOG] SystemI::createSoundInternal             :     exinfo->inclusionlistnum   = 1
[LOG] SystemI::createSoundInternal             :     exinfo->suggestedsoundtype = 5
[LOG] SystemI::createSoundInternal             :     Format has 1 subsounds.
[LOG] SystemI::createSoundInternal             :     Create as FMOD_CREATESTREAM
[LOG] System::createSoundInternal              :     decode buffersize = 19200 : blocksize = 256 : format = 2
[LOG] SystemI::createSample                    :     mode 02012082 length 19200 samples, lengthbytes 1190496
[LOG] SystemI::createSample                    :     channels = 2
[LOG] SystemI::createSample                    :     output = 000000005C51FAD8
[LOG] OutputSoftware::createSample             :     lengthpcm 19200, lengthbytes 1190496, channels 2, format 2, freq 48000, mode 0201208a
[LOG] System::createSoundInternal              :     1 subsounds detected.
[LOG] System::createSoundInternal              :     Seek stream to start
[LOG] System::createSoundInternal              :     switch file handle from small blocking single buffered to large nonblocking doublebuffered.
[LOG] SystemI::createSoundInternal             :     done.  OpenState now = FMOD_OPENSTATE_READY.

[LOG] AsyncThread::threadFunc                  : Finished Asynchronous operation on sound 0000000067BD5A68
[LOG] AsyncThread::threadFunc                  : Starting Asynchronous operation on sound 0000000067BD58B8
[LOG] SystemI::createSoundInternal             :     filename = tesssttt\Build\Desktop/Master Bank.bank : mode 02012082
[LOG] SystemI::createSoundInternal             :     exinfo->cbsize             = 232
[LOG] SystemI::createSoundInternal             :     exinfo->length             = 33517280
[LOG] SystemI::createSoundInternal             :     exinfo->fileoffset         = 48576
[LOG] SystemI::createSoundInternal             :     exinfo->numsubsounds       = 1
[LOG] SystemI::createSoundInternal             :     exinfo->inclusionlist      = 000000005C292868
[LOG] SystemI::createSoundInternal             :     exinfo->inclusionlistnum   = 1
[LOG] SystemI::createSoundInternal             :     exinfo->suggestedsoundtype = 5
[LOG] SystemI::createSoundInternal             :     Format has 1 subsounds.
[LOG] SystemI::createSoundInternal             :     Create as FMOD_CREATESTREAM
[LOG] System::createSoundInternal              :     decode buffersize = 19200 : blocksize = 256 : format = 2
[LOG] SystemI::createSample                    :     mode 02012082 length 19200 samples, lengthbytes 1349824
[LOG] SystemI::createSample                    :     channels = 2
[LOG] SystemI::createSample                    :     output = 000000005C51FAD8
[LOG] OutputSoftware::createSample             :     lengthpcm 19200, lengthbytes 1349824, channels 2, format 2, freq 48000, mode 0201208a
[LOG] System::createSoundInternal              :     1 subsounds detected.
[LOG] System::createSoundInternal              :     Seek stream to start
[LOG] System::createSoundInternal              :     switch file handle from small blocking single buffered to large nonblocking doublebuffered.
[LOG] SystemI::createSoundInternal             :     done.  OpenState now = FMOD_OPENSTATE_READY.

[LOG] AsyncThread::threadFunc                  : Finished Asynchronous operation on sound 0000000067BD58B8
[LOG] AsyncThread::threadFunc                  : Starting Asynchronous operation on sound 0000000067BD5C18
[LOG] SystemI::createSoundInternal             :     filename = tesssttt\Build\Desktop/Master Bank.bank : mode 02012082
[LOG] SystemI::createSoundInternal             :     exinfo->cbsize             = 232
[LOG] SystemI::createSoundInternal             :     exinfo->length             = 33517280
[LOG] SystemI::createSoundInternal             :     exinfo->fileoffset         = 48576
[LOG] SystemI::createSoundInternal             :     exinfo->numsubsounds       = 1
[LOG] SystemI::createSoundInternal             :     exinfo->inclusionlist      = 000000005C293828
[LOG] SystemI::createSoundInternal             :     exinfo->inclusionlistnum   = 1
[LOG] SystemI::createSoundInternal             :     exinfo->suggestedsoundtype = 5
[LOG] SystemI::createSoundInternal             :     Format has 1 subsounds.
[LOG] SystemI::createSoundInternal             :     Create as FMOD_CREATESTREAM
[LOG] System::createSoundInternal              :     decode buffersize = 19200 : blocksize = 256 : format = 2
[LOG] SystemI::createSample                    :     mode 02012082 length 19200 samples, lengthbytes 1282240
[LOG] SystemI::createSample                    :     channels = 2
[LOG] SystemI::createSample                    :     output = 000000005C51FAD8
[LOG] OutputSoftware::createSample             :     lengthpcm 19200, lengthbytes 1282240, channels 2, format 2, freq 48000, mode 0201208a
[LOG] System::createSoundInternal              :     1 subsounds detected.
[LOG] System::createSoundInternal              :     Seek stream to start
[LOG] System::createSoundInternal              :     switch file handle from small blocking single buffered to large nonblocking doublebuffered.
[LOG] SystemI::createSoundInternal             :     done.  OpenState now = FMOD_OPENSTATE_READY.

[LOG] AsyncThread::threadFunc                  : Finished Asynchronous operation on sound 0000000067BD5C18
[LOG] AsyncThread::threadFunc                  : Starting Asynchronous operation on sound 0000000067BD5708
[LOG] SystemI::createSoundInternal             :     filename = tesssttt\Build\Desktop/Master Bank.bank : mode 02012082
[LOG] SystemI::createSoundInternal             :     exinfo->cbsize             = 232
[LOG] SystemI::createSoundInternal             :     exinfo->length             = 33517280
[LOG] SystemI::createSoundInternal             :     exinfo->fileoffset         = 48576
[LOG] SystemI::createSoundInternal             :     exinfo->numsubsounds       = 1
[LOG] SystemI::createSoundInternal             :     exinfo->inclusionlist      = 000000005C2921D8
[LOG] SystemI::createSoundInternal             :     exinfo->inclusionlistnum   = 1
[LOG] SystemI::createSoundInternal             :     exinfo->suggestedsoundtype = 5
[LOG] SystemI::createSoundInternal             :     Format has 1 subsounds.
[LOG] SystemI::createSoundInternal             :     Create as FMOD_CREATESTREAM
[LOG] System::createSoundInternal              :     decode buffersize = 19200 : blocksize = 256 : format = 2
[LOG] SystemI::createSample                    :     mode 02012082 length 19200 samples, lengthbytes 1367168
[LOG] SystemI::createSample                    :     channels = 2
[LOG] SystemI::createSample                    :     output = 000000005C51FAD8
[LOG] OutputSoftware::createSample             :     lengthpcm 19200, lengthbytes 1367168, channels 2, format 2, freq 48000, mode 0201208a
[LOG] System::createSoundInternal              :     1 subsounds detected.
[LOG] System::createSoundInternal              :     Seek stream to start
[LOG] System::createSoundInternal              :     switch file handle from small blocking single buffered to large nonblocking doublebuffered.
[LOG] SystemI::createSoundInternal             :     done.  OpenState now = FMOD_OPENSTATE_READY.

[LOG] AsyncThread::threadFunc                  : Finished Asynchronous operation on sound 0000000067BD5708
[LOG] AsyncThread::threadFunc                  : Starting Asynchronous operation on sound 000000005C30FAA8
[LOG] SystemI::createSoundInternal             :     filename = tesssttt\Build\Desktop/Master Bank.bank : mode 02012082
[LOG] SystemI::createSoundInternal             :     exinfo->cbsize             = 232
[LOG] SystemI::createSoundInternal             :     exinfo->length             = 33517280
[LOG] SystemI::createSoundInternal             :     exinfo->fileoffset         = 48576
[LOG] SystemI::createSoundInternal             :     exinfo->numsubsounds       = 1
[LOG] SystemI::createSoundInternal             :     exinfo->inclusionlist      = 000000005C292C58
[LOG] SystemI::createSoundInternal             :     exinfo->inclusionlistnum   = 1
[LOG] SystemI::createSoundInternal             :     exinfo->suggestedsoundtype = 5
[LOG] SystemI::createSoundInternal             :     Format has 1 subsounds.
[LOG] SystemI::createSoundInternal             :     Create as FMOD_CREATESTREAM
[LOG] System::createSoundInternal              :     decode buffersize = 19200 : blocksize = 256 : format = 2
[LOG] SystemI::createSample                    :     mode 02012082 length 19200 samples, lengthbytes 1312960
[LOG] SystemI::createSample                    :     channels = 2
[LOG] SystemI::createSample                    :     output = 000000005C51FAD8
[LOG] OutputSoftware::createSample             :     lengthpcm 19200, lengthbytes 1312960, channels 2, format 2, freq 48000, mode 0201208a
[LOG] System::createSoundInternal              :     1 subsounds detected.
[LOG] System::createSoundInternal              :     Seek stream to start
[LOG] System::createSoundInternal              :     switch file handle from small blocking single buffered to large nonblocking doublebuffered.
[LOG] SystemI::createSoundInternal             :     done.  OpenState now = FMOD_OPENSTATE_READY.

[LOG] AsyncThread::threadFunc                  : Finished Asynchronous operation on sound 000000005C30FAA8
[LOG] AsyncThread::threadFunc                  : Starting Asynchronous operation on sound 000000005C30ED28
[LOG] SystemI::createSoundInternal             :     filename = tesssttt\Build\Desktop/Master Bank.bank : mode 02012082
[LOG] SystemI::createSoundInternal             :     exinfo->cbsize             = 232
[LOG] SystemI::createSoundInternal             :     exinfo->length             = 33517280
[LOG] SystemI::createSoundInternal             :     exinfo->fileoffset         = 48576
[LOG] SystemI::createSoundInternal             :     exinfo->numsubsounds       = 1
[LOG] SystemI::createSoundInternal             :     exinfo->inclusionlist      = 000000005C292B08
[LOG] SystemI::createSoundInternal             :     exinfo->inclusionlistnum   = 1
[LOG] SystemI::createSoundInternal             :     exinfo->suggestedsoundtype = 5
[LOG] SystemI::createSoundInternal             :     Format has 1 subsounds.
[LOG] SystemI::createSoundInternal             :     Create as FMOD_CREATESTREAM
[LOG] System::createSoundInternal              :     decode buffersize = 19200 : blocksize = 256 : format = 2
[LOG] SystemI::createSample                    :     mode 02012082 length 19200 samples, lengthbytes 1261312
[LOG] SystemI::createSample                    :     channels = 2
[LOG] SystemI::createSample                    :     output = 000000005C51FAD8
[LOG] OutputSoftware::createSample             :     lengthpcm 19200, lengthbytes 1261312, channels 2, format 2, freq 48000, mode 0201208a
[LOG] System::createSoundInternal              :     1 subsounds detected.
[LOG] System::createSoundInternal              :     Seek stream to start
[LOG] System::createSoundInternal              :     switch file handle from small blocking single buffered to large nonblocking doublebuffered.
[LOG] SystemI::createSoundInternal             :     done.  OpenState now = FMOD_OPENSTATE_READY.

[LOG] AsyncThread::threadFunc                  : Finished Asynchronous operation on sound 000000005C30ED28
[LOG] AsyncThread::threadFunc                  : Starting Asynchronous operation on sound 000000005C30EED8
[LOG] SystemI::createSoundInternal             :     filename = tesssttt\Build\Desktop/Master Bank.bank : mode 02012082
[LOG] SystemI::createSoundInternal             :     exinfo->cbsize             = 232
[LOG] SystemI::createSoundInternal             :     exinfo->length             = 33517280
[LOG] SystemI::createSoundInternal             :     exinfo->fileoffset         = 48576
[LOG] SystemI::createSoundInternal             :     exinfo->numsubsounds       = 1
[LOG] SystemI::createSoundInternal             :     exinfo->inclusionlist      = 000000005C292EF8
[LOG] SystemI::createSoundInternal             :     exinfo->inclusionlistnum   = 1
[LOG] SystemI::createSoundInternal             :     exinfo->suggestedsoundtype = 5
[LOG] SystemI::createSoundInternal             :     Format has 1 subsounds.
[LOG] SystemI::createSoundInternal             :     Create as FMOD_CREATESTREAM
[LOG] System::createSoundInternal              :     decode buffersize = 19200 : blocksize = 256 : format = 2
[LOG] SystemI::createSample                    :     mode 02012082 length 19200 samples, lengthbytes 645344
[LOG] SystemI::createSample                    :     channels = 2
[LOG] SystemI::createSample                    :     output = 000000005C51FAD8
[LOG] OutputSoftware::createSample             :     lengthpcm 19200, lengthbytes 645344, channels 2, format 2, freq 48000, mode 0201208a
[LOG] System::createSoundInternal              :     1 subsounds detected.
[LOG] System::createSoundInternal              :     Seek stream to start
[LOG] System::createSoundInternal              :     switch file handle from small blocking single buffered to large nonblocking doublebuffered.
[LOG] SystemI::createSoundInternal             :     done.  OpenState now = FMOD_OPENSTATE_READY.

[LOG] AsyncThread::threadFunc                  : Finished Asynchronous operation on sound 000000005C30EED8
[LOG] AsyncThread::threadFunc                  : Starting Asynchronous operation on sound 000000005C30F748
[LOG] SystemI::createSoundInternal             :     filename = tesssttt\Build\Desktop/Master Bank.bank : mode 02012082
[LOG] SystemI::createSoundInternal             :     exinfo->cbsize             = 232
[LOG] SystemI::createSoundInternal             :     exinfo->length             = 33517280
[LOG] SystemI::createSoundInternal             :     exinfo->fileoffset         = 48576
[LOG] SystemI::createSoundInternal             :     exinfo->numsubsounds       = 1
[LOG] SystemI::createSoundInternal             :     exinfo->inclusionlist      = 000000005C293438
[LOG] SystemI::createSoundInternal             :     exinfo->inclusionlistnum   = 1
[LOG] SystemI::createSoundInternal             :     exinfo->suggestedsoundtype = 5
[LOG] SystemI::createSoundInternal             :     Format has 1 subsounds.
[LOG] SystemI::createSoundInternal             :     Create as FMOD_CREATESTREAM
[LOG] System::createSoundInternal              :     decode buffersize = 19200 : blocksize = 256 : format = 2
[LOG] SystemI::createSample                    :     mode 02012082 length 19200 samples, lengthbytes 1353632
[LOG] SystemI::createSample                    :     channels = 2
[LOG] SystemI::createSample                    :     output = 000000005C51FAD8
[LOG] OutputSoftware::createSample             :     lengthpcm 19200, lengthbytes 1353632, channels 2, format 2, freq 48000, mode 0201208a
[LOG] System::createSoundInternal              :     1 subsounds detected.
[LOG] System::createSoundInternal              :     Seek stream to start
[LOG] System::createSoundInternal              :     switch file handle from small blocking single buffered to large nonblocking doublebuffered.
[LOG] SystemI::createSoundInternal             :     done.  OpenState now = FMOD_OPENSTATE_READY.

[LOG] AsyncThread::threadFunc                  : Finished Asynchronous operation on sound 000000005C30F748
[LOG] AsyncThread::threadFunc                  : Starting Asynchronous operation on sound 000000005C30F598
[LOG] SystemI::createSoundInternal             :     filename = tesssttt\Build\Desktop/Master Bank.bank : mode 02012082
[LOG] SystemI::createSoundInternal             :     exinfo->cbsize             = 232
[LOG] SystemI::createSoundInternal             :     exinfo->length             = 33517280
[LOG] SystemI::createSoundInternal             :     exinfo->fileoffset         = 48576
[LOG] SystemI::createSoundInternal             :     exinfo->numsubsounds       = 1
[LOG] SystemI::createSoundInternal             :     exinfo->inclusionlist      = 000000005C293978
[LOG] SystemI::createSoundInternal             :     exinfo->inclusionlistnum   = 1
[LOG] SystemI::createSoundInternal             :     exinfo->suggestedsoundtype = 5
[LOG] SystemI::createSoundInternal             :     Format has 1 subsounds.
[LOG] SystemI::createSoundInternal             :     Create as FMOD_CREATESTREAM
[LOG] System::createSoundInternal              :     decode buffersize = 19200 : blocksize = 256 : format = 2
[LOG] SystemI::createSample                    :     mode 02012082 length 19200 samples, lengthbytes 1212704
[LOG] SystemI::createSample                    :     channels = 2
[LOG] SystemI::createSample                    :     output = 000000005C51FAD8
[LOG] OutputSoftware::createSample             :     lengthpcm 19200, lengthbytes 1212704, channels 2, format 2, freq 48000, mode 0201208a
[LOG] System::createSoundInternal              :     1 subsounds detected.
[LOG] System::createSoundInternal              :     Seek stream to start
[LOG] System::createSoundInternal              :     switch file handle from small blocking single buffered to large nonblocking doublebuffered.
[LOG] SystemI::createSoundInternal             :     done.  OpenState now = FMOD_OPENSTATE_READY.

[LOG] AsyncThread::threadFunc                  : Finished Asynchronous operation on sound 000000005C30F598
[LOG] AsyncThread::threadFunc                  : Starting Asynchronous operation on sound 000000005C30F8F8
[LOG] SystemI::createSoundInternal             :     filename = tesssttt\Build\Desktop/Master Bank.bank : mode 02012082
[LOG] SystemI::createSoundInternal             :     exinfo->cbsize             = 232
[LOG] SystemI::createSoundInternal             :     exinfo->length             = 33517280
[LOG] SystemI::createSoundInternal             :     exinfo->fileoffset         = 48576
[LOG] SystemI::createSoundInternal             :     exinfo->numsubsounds       = 1
[LOG] SystemI::createSoundInternal             :     exinfo->inclusionlist      = 000000005C291F38
[LOG] SystemI::createSoundInternal             :     exinfo->inclusionlistnum   = 1
[LOG] SystemI::createSoundInternal             :     exinfo->suggestedsoundtype = 5
[LOG] SystemI::createSoundInternal             :     Format has 1 subsounds.
[LOG] SystemI::createSoundInternal             :     Create as FMOD_CREATESTREAM
[LOG] System::createSoundInternal              :     decode buffersize = 19200 : blocksize = 256 : format = 2
[LOG] SystemI::createSample                    :     mode 02012082 length 19200 samples, lengthbytes 1189088
[LOG] SystemI::createSample                    :     channels = 2
[LOG] SystemI::createSample                    :     output = 000000005C51FAD8
[LOG] OutputSoftware::createSample             :     lengthpcm 19200, lengthbytes 1189088, channels 2, format 2, freq 48000, mode 0201208a
[LOG] System::createSoundInternal              :     1 subsounds detected.
[LOG] System::createSoundInternal              :     Seek stream to start
[LOG] System::createSoundInternal              :     switch file handle from small blocking single buffered to large nonblocking doublebuffered.
[LOG] SystemI::createSoundInternal             :     done.  OpenState now = FMOD_OPENSTATE_READY.

[LOG] AsyncThread::threadFunc                  : Finished Asynchronous operation on sound 000000005C30F8F8
[LOG] AsyncThread::threadFunc                  : Starting Asynchronous operation on sound 000000005C30F088
[LOG] SystemI::createSoundInternal             :     filename = tesssttt\Build\Desktop/Master Bank.bank : mode 02012082
[LOG] SystemI::createSoundInternal             :     exinfo->cbsize             = 232
[LOG] SystemI::createSoundInternal             :     exinfo->length             = 33517280
[LOG] SystemI::createSoundInternal             :     exinfo->fileoffset         = 48576
[LOG] SystemI::createSoundInternal             :     exinfo->numsubsounds       = 1
[LOG] SystemI::createSoundInternal             :     exinfo->inclusionlist      = 000000005C2925C8
[LOG] SystemI::createSoundInternal             :     exinfo->inclusionlistnum   = 1
[LOG] SystemI::createSoundInternal             :     exinfo->suggestedsoundtype = 5
[LOG] SystemI::createSoundInternal             :     Format has 1 subsounds.
[LOG] SystemI::createSoundInternal             :     Create as FMOD_CREATESTREAM
[LOG] System::createSoundInternal              :     decode buffersize = 19200 : blocksize = 256 : format = 2
[LOG] SystemI::createSample                    :     mode 02012082 length 19200 samples, lengthbytes 967488
[LOG] SystemI::createSample                    :     channels = 2
[LOG] SystemI::createSample                    :     output = 000000005C51FAD8
[LOG] OutputSoftware::createSample             :     lengthpcm 19200, lengthbytes 967488, channels 2, format 2, freq 48000, mode 0201208a
[LOG] System::createSoundInternal              :     1 subsounds detected.
[LOG] System::createSoundInternal              :     Seek stream to start
[LOG] System::createSoundInternal              :     switch file handle from small blocking single buffered to large nonblocking doublebuffered.
[LOG] SystemI::createSoundInternal             :     done.  OpenState now = FMOD_OPENSTATE_READY.

[LOG] AsyncThread::threadFunc                  : Finished Asynchronous operation on sound 000000005C30F088
[LOG] AsyncThread::threadFunc                  : Starting Asynchronous operation on sound 000000005C30F238
[LOG] SystemI::createSoundInternal             :     filename = tesssttt\Build\Desktop/Master Bank.bank : mode 02012082
[LOG] SystemI::createSoundInternal             :     exinfo->cbsize             = 232
[LOG] SystemI::createSoundInternal             :     exinfo->length             = 33517280
[LOG] SystemI::createSoundInternal             :     exinfo->fileoffset         = 48576
[LOG] SystemI::createSoundInternal             :     exinfo->numsubsounds       = 1
[LOG] SystemI::createSoundInternal             :     exinfo->inclusionlist      = 000000005C293588
[LOG] SystemI::createSoundInternal             :     exinfo->inclusionlistnum   = 1
[LOG] SystemI::createSoundInternal             :     exinfo->suggestedsoundtype = 5
[LOG] SystemI::createSoundInternal             :     Format has 1 subsounds.
[LOG] SystemI::createSoundInternal             :     Create as FMOD_CREATESTREAM
[LOG] System::createSoundInternal              :     decode buffersize = 19200 : blocksize = 256 : format = 2
[LOG] SystemI::createSample                    :     mode 02012082 length 19200 samples, lengthbytes 1309504
[LOG] SystemI::createSample                    :     channels = 2
[LOG] SystemI::createSample                    :     output = 000000005C51FAD8
[LOG] OutputSoftware::createSample             :     lengthpcm 19200, lengthbytes 1309504, channels 2, format 2, freq 48000, mode 0201208a
[LOG] System::createSoundInternal              :     1 subsounds detected.
[LOG] System::createSoundInternal              :     Seek stream to start
[LOG] System::createSoundInternal              :     switch file handle from small blocking single buffered to large nonblocking doublebuffered.
[LOG] SystemI::createSoundInternal             :     done.  OpenState now = FMOD_OPENSTATE_READY.

[LOG] AsyncThread::threadFunc                  : Finished Asynchronous operation on sound 000000005C30F238
[LOG] AsyncThread::threadFunc                  : Starting Asynchronous operation on sound 000000005C30F3E8
[LOG] SystemI::createSoundInternal             :     filename = tesssttt\Build\Desktop/Master Bank.bank : mode 02012082
[LOG] SystemI::createSoundInternal             :     exinfo->cbsize             = 232
[LOG] SystemI::createSoundInternal             :     exinfo->length             = 33517280
[LOG] SystemI::createSoundInternal             :     exinfo->fileoffset         = 48576
[LOG] SystemI::createSoundInternal             :     exinfo->numsubsounds       = 1
[LOG] SystemI::createSoundInternal             :     exinfo->inclusionlist      = 000000005C293AC8
[LOG] SystemI::createSoundInternal             :     exinfo->inclusionlistnum   = 1
[LOG] SystemI::createSoundInternal             :     exinfo->suggestedsoundtype = 5
[LOG] SystemI::createSoundInternal             :     Format has 1 subsounds.
[LOG] SystemI::createSoundInternal             :     Create as FMOD_CREATESTREAM
[LOG] System::createSoundInternal              :     decode buffersize = 19200 : blocksize = 256 : format = 2
[LOG] SystemI::createSample                    :     mode 02012082 length 19200 samples, lengthbytes 1368192
[LOG] SystemI::createSample                    :     channels = 2
[LOG] SystemI::createSample                    :     output = 000000005C51FAD8
[LOG] OutputSoftware::createSample             :     lengthpcm 19200, lengthbytes 1368192, channels 2, format 2, freq 48000, mode 0201208a
[LOG] System::createSoundInternal              :     1 subsounds detected.
[LOG] System::createSoundInternal              :     Seek stream to start
[LOG] System::createSoundInternal              :     switch file handle from small blocking single buffered to large nonblocking doublebuffered.
[LOG] SystemI::createSoundInternal             :     done.  OpenState now = FMOD_OPENSTATE_READY.

[LOG] AsyncThread::threadFunc                  : Finished Asynchronous operation on sound 000000005C30F3E8
[LOG] AsyncThread::threadFunc                  : Starting Asynchronous operation on sound 0000000054418E28
[LOG] AsyncThread::threadFunc                  :     done setposition
[LOG] AsyncThread::threadFunc                  :     done flush
[LOG] AsyncThread::threadFunc                  : Finished Asynchronous operation on sound 0000000054418E28
[LOG] AsyncThread::threadFunc                  : Starting Asynchronous operation on sound 0000000054418FD8
[LOG] AsyncThread::threadFunc                  :     done setposition
[LOG] AsyncThread::threadFunc                  :     done flush
[LOG] AsyncThread::threadFunc                  : Finished Asynchronous operation on sound 0000000054418FD8
[LOG] AsyncThread::threadFunc                  : Starting Asynchronous operation on sound 0000000054418408
[LOG] AsyncThread::threadFunc                  :     done setposition
[LOG] AsyncThread::threadFunc                  :     done flush
[LOG] AsyncThread::threadFunc                  : Finished Asynchronous operation on sound 0000000054418408
[LOG] SoundI::getSubSound                      : sound 000000005439BD08.  Subsound index 0 / 1
[LOG] AsyncThread::threadFunc                  : Starting Asynchronous operation on sound 0000000054418E28
[LOG] SoundI::getSubSound                      : starting non blocking seek and setting sound to not ready state
[LOG] SoundI::getSubSound                      :     finished preparing nonblocking getSubSound seek
[LOG] SoundI::getSubSound                      :     sound 000000005439C068.  Subsound index 0 / 1
[LOG] SoundI::getSubSound                      :     starting non blocking seek and setting sound to not ready state
[LOG] SoundI::getSubSound                      :     finished preparing nonblocking getSubSound seek
[LOG] SoundI::getSubSound                      :     sound 000000005439C218.  Subsound index 0 / 1
[LOG] SoundI::getSubSound                      :     starting non blocking seek and setting sound to not ready state
[LOG] SoundI::getSubSound                      :     finished preparing nonblocking getSubSound seek
[LOG] SoundI::getSubSound                      :     sound 000000005439BEB8.  Subsound index 0 / 1
[LOG] SoundI::getSubSound                      :     starting non blocking seek and setting sound to not ready state
[LOG] SoundI::getSubSound                      :     finished preparing nonblocking getSubSound seek
[LOG] SoundI::getSubSound                      :     sound 0000000067BD5A68.  Subsound index 0 / 1
[LOG] SoundI::getSubSound                      :     starting non blocking seek and setting sound to not ready state
[LOG] SoundI::getSubSound                      :     finished preparing nonblocking getSubSound seek
[LOG] SoundI::getSubSound                      :     sound 0000000067BD58B8.  Subsound index 0 / 1
[LOG] SoundI::getSubSound                      :     starting non blocking seek and setting sound to not ready state
[LOG] SoundI::getSubSound                      :     finished preparing nonblocking getSubSound seek
[LOG] SoundI::getSubSound                      :     sound 0000000067BD5C18.  Subsound index 0 / 1
[LOG] SoundI::getSubSound                      :     starting non blocking seek and setting sound to not ready state
[LOG] SoundI::getSubSound                      :     finished preparing nonblocking getSubSound seek
[LOG] SoundI::getSubSound                      :     sound 0000000067BD5708.  Subsound index 0 / 1
[LOG] SoundI::getSubSound                      :     starting non blocking seek and setting sound to not ready state
[LOG] SoundI::getSubSound                      :     finished preparing nonblocking getSubSound seek
[LOG] SoundI::getSubSound                      :     sound 000000005C30FAA8.  Subsound index 0 / 1
[LOG] SoundI::getSubSound                      :     starting non blocking seek and setting sound to not ready state
[LOG] SoundI::getSubSound                      :     finished preparing nonblocking getSubSound seek
[LOG] SoundI::getSubSound                      :     sound 000000005C30ED28.  Subsound index 0 / 1
[LOG] SoundI::getSubSound                      :     starting non blocking seek and setting sound to not ready state
[LOG] SoundI::getSubSound                      :     finished preparing nonblocking getSubSound seek
[LOG] SoundI::getSubSound                      :     sound 000000005C30EED8.  Subsound index 0 / 1
[LOG] SoundI::getSubSound                      :     starting non blocking seek and setting sound to not ready state
[LOG] SoundI::getSubSound                      :     finished preparing nonblocking getSubSound seek
[LOG] SoundI::getSubSound                      :     sound 000000005C30F748.  Subsound index 0 / 1
[LOG] SoundI::getSubSound                      :     starting non blocking seek and setting sound to not ready state
[LOG] SoundI::getSubSound                      :     finished preparing nonblocking getSubSound seek
[LOG] SoundI::getSubSound                      :     sound 000000005C30F598.  Subsound index 0 / 1
[LOG] SoundI::getSubSound                      :     starting non blocking seek and setting sound to not ready state
[LOG] SoundI::getSubSound                      :     finished preparing nonblocking getSubSound seek
[LOG] SoundI::getSubSound                      :     sound 000000005C30F8F8.  Subsound index 0 / 1
[LOG] SoundI::getSubSound                      :     starting non blocking seek and setting sound to not ready state
[LOG] SoundI::getSubSound                      :     finished preparing nonblocking getSubSound seek
[LOG] SoundI::getSubSound                      :     sound 000000005C30F088.  Subsound index 0 / 1
[LOG] SoundI::getSubSound                      :     starting non blocking seek and setting sound to not ready state
[LOG] SoundI::getSubSound                      :     finished preparing nonblocking getSubSound seek
[LOG] SoundI::getSubSound                      :     sound 000000005C30F238.  Subsound index 0 / 1
[LOG] SoundI::getSubSound                      :     starting non blocking seek and setting sound to not ready state
[LOG] SoundI::getSubSound                      :     finished preparing nonblocking getSubSound seek
[LOG] SoundI::getSubSound                      :     sound 000000005C30F3E8.  Subsound index 0 / 1
[LOG] SoundI::getSubSound                      :     starting non blocking seek and setting sound to not ready state
[LOG] SoundI::getSubSound                      :     finished preparing nonblocking getSubSound seek
[LOG] AsyncThread::threadFunc                  : Finished Asynchronous operation on sound 0000000054418E28
[LOG] AsyncThread::threadFunc                  : Starting Asynchronous operation on sound 0000000054418FD8
[LOG] AsyncThread::threadFunc                  : Finished Asynchronous operation on sound 0000000054418FD8
[LOG] AsyncThread::threadFunc                  : Starting Asynchronous operation on sound 0000000054418408
[LOG] AsyncThread::threadFunc                  : Finished Asynchronous operation on sound 0000000054418408
[LOG] AsyncThread::threadFunc                  : Starting Asynchronous operation on sound 0000000054419188
[LOG] AsyncThread::threadFunc                  :     done setposition
[LOG] AsyncThread::threadFunc                  :     done flush
[LOG] AsyncThread::threadFunc                  : Finished Asynchronous operation on sound 0000000054419188
[LOG] AsyncThread::threadFunc                  : Starting Asynchronous operation on sound 00000000544185B8
[LOG] AsyncThread::threadFunc                  :     done setposition
[LOG] AsyncThread::threadFunc                  :     done flush
[LOG] AsyncThread::threadFunc                  : Finished Asynchronous operation on sound 00000000544185B8
[LOG] AsyncThread::threadFunc                  : Starting Asynchronous operation on sound 0000000054419848
[LOG] AsyncThread::threadFunc                  :     done setposition
[LOG] AsyncThread::threadFunc                  :     done flush
[LOG] AsyncThread::threadFunc                  : Finished Asynchronous operation on sound 0000000054419848
[LOG] AsyncThread::threadFunc                  : Starting Asynchronous operation on sound 0000000054417B98
[LOG] AsyncThread::threadFunc                  :     done setposition
[LOG] AsyncThread::threadFunc                  :     done flush
[LOG] AsyncThread::threadFunc                  : Finished Asynchronous operation on sound 0000000054417B98
[LOG] AsyncThread::threadFunc                  : Starting Asynchronous operation on sound 0000000054418AC8
[LOG] AsyncThread::threadFunc                  :     done setposition
[LOG] AsyncThread::threadFunc                  :     done flush
[LOG] AsyncThread::threadFunc                  : Finished Asynchronous operation on sound 0000000054418AC8
[LOG] AsyncThread::threadFunc                  : Starting Asynchronous operation on sound 0000000054418918
[LOG] AsyncThread::threadFunc                  :     done setposition
[LOG] AsyncThread::threadFunc                  :     done flush
[LOG] AsyncThread::threadFunc                  : Finished Asynchronous operation on sound 0000000054418918
[LOG] AsyncThread::threadFunc                  : Starting Asynchronous operation on sound 0000000054417EF8
[LOG] AsyncThread::threadFunc                  :     done setposition
[LOG] AsyncThread::threadFunc                  :     done flush
[LOG] AsyncThread::threadFunc                  : Finished Asynchronous operation on sound 0000000054417EF8
[LOG] AsyncThread::threadFunc                  : Starting Asynchronous operation on sound 0000000054419338
[LOG] AsyncThread::threadFunc                  :     done setposition
[LOG] AsyncThread::threadFunc                  :     done flush
[LOG] AsyncThread::threadFunc                  : Finished Asynchronous operation on sound 0000000054419338
[LOG] AsyncThread::threadFunc                  : Starting Asynchronous operation on sound 00000000544180A8
[LOG] AsyncThread::threadFunc                  :     done setposition
[LOG] AsyncThread::threadFunc                  :     done flush
[LOG] AsyncThread::threadFunc                  : Finished Asynchronous operation on sound 00000000544180A8
[LOG] AsyncThread::threadFunc                  : Starting Asynchronous operation on sound 00000000544194E8
[LOG] AsyncThread::threadFunc                  :     done setposition
[LOG] AsyncThread::threadFunc                  :     done flush
[LOG] AsyncThread::threadFunc                  : Finished Asynchronous operation on sound 00000000544194E8
[LOG] AsyncThread::threadFunc                  : Starting Asynchronous operation on sound 0000000054418768
[LOG] AsyncThread::threadFunc                  :     done setposition
[LOG] AsyncThread::threadFunc                  :     done flush
[LOG] AsyncThread::threadFunc                  : Finished Asynchronous operation on sound 0000000054418768
[LOG] AsyncThread::threadFunc                  : Starting Asynchronous operation on sound 0000000053FA8068
[LOG] AsyncThread::threadFunc                  :     done setposition
[LOG] AsyncThread::threadFunc                  :     done flush
[LOG] AsyncThread::threadFunc                  : Finished Asynchronous operation on sound 0000000053FA8068
[LOG] AsyncThread::threadFunc                  : Starting Asynchronous operation on sound 0000000053FA83C8
[LOG] AsyncThread::threadFunc                  :     done setposition
[LOG] AsyncThread::threadFunc                  :     done flush
[LOG] AsyncThread::threadFunc                  : Finished Asynchronous operation on sound 0000000053FA83C8
[LOG] AsyncThread::threadFunc                  : Starting Asynchronous operation on sound 0000000053FA88D8
[LOG] AsyncThread::threadFunc                  :     done setposition
[LOG] AsyncThread::threadFunc                  :     done flush
[LOG] AsyncThread::threadFunc                  : Finished Asynchronous operation on sound 0000000053FA88D8
[LOG] AsyncThread::threadFunc                  : Starting Asynchronous operation on sound 0000000053FA8578
[LOG] AsyncThread::threadFunc                  :     done setposition
[LOG] AsyncThread::threadFunc                  :     done flush
[LOG] AsyncThread::threadFunc                  : Finished Asynchronous operation on sound 0000000053FA8578
[LOG] AsyncThread::threadFunc                  : Starting Asynchronous operation on sound 0000000053FA8728
[LOG] AsyncThread::threadFunc                  :     done setposition
[LOG] AsyncThread::threadFunc                  :     done flush
[LOG] AsyncThread::threadFunc                  : Finished Asynchronous operation on sound 0000000053FA8728
[LOG] AsyncThread::threadFunc                  : Starting Asynchronous operation on sound 0000000053FA7B58
[LOG] AsyncThread::threadFunc                  :     done setposition
[LOG] AsyncThread::threadFunc                  :     done flush
[LOG] AsyncThread::threadFunc                  : Finished Asynchronous operation on sound 0000000053FA7B58
[LOG] AsyncThread::threadFunc                  : Starting Asynchronous operation on sound 0000000054419188
[LOG] AsyncThread::threadFunc                  : Finished Asynchronous operation on sound 0000000054419188
[LOG] AsyncThread::threadFunc                  : Starting Asynchronous operation on sound 00000000544185B8
[LOG] AsyncThread::threadFunc                  : Finished Asynchronous operation on sound 00000000544185B8
[LOG] AsyncThread::threadFunc                  : Starting Asynchronous operation on sound 0000000054419848
[LOG] AsyncThread::threadFunc                  : Finished Asynchronous operation on sound 0000000054419848
[LOG] AsyncThread::threadFunc                  : Starting Asynchronous operation on sound 0000000054417B98
[LOG] AsyncThread::threadFunc                  : Finished Asynchronous operation on sound 0000000054417B98
[LOG] AsyncThread::threadFunc                  : Starting Asynchronous operation on sound 0000000054418AC8
[LOG] AsyncThread::threadFunc                  : Finished Asynchronous operation on sound 0000000054418AC8
[LOG] AsyncThread::threadFunc                  : Starting Asynchronous operation on sound 0000000054418918
[LOG] AsyncThread::threadFunc                  : Finished Asynchronous operation on sound 0000000054418918
[LOG] AsyncThread::threadFunc                  : Starting Asynchronous operation on sound 0000000054417EF8
[LOG] AsyncThread::threadFunc                  : Finished Asynchronous operation on sound 0000000054417EF8
[LOG] AsyncThread::threadFunc                  : Starting Asynchronous operation on sound 0000000054419338
[LOG] AsyncThread::threadFunc                  : Finished Asynchronous operation on sound 0000000054419338
[LOG] AsyncThread::threadFunc                  : Starting Asynchronous operation on sound 00000000544180A8
[LOG] AsyncThread::threadFunc                  : Finished Asynchronous operation on sound 00000000544180A8
[LOG] AsyncThread::threadFunc                  : Starting Asynchronous operation on sound 00000000544194E8
[LOG] AsyncThread::threadFunc                  : Finished Asynchronous operation on sound 00000000544194E8
[LOG] AsyncThread::threadFunc                  : Starting Asynchronous operation on sound 0000000054418768
[LOG] AsyncThread::threadFunc                  : Finished Asynchronous operation on sound 0000000054418768
[LOG] AsyncThread::threadFunc                  : Starting Asynchronous operation on sound 0000000053FA8068
[LOG] AsyncThread::threadFunc                  : Finished Asynchronous operation on sound 0000000053FA8068
[LOG] AsyncThread::threadFunc                  : Starting Asynchronous operation on sound 0000000053FA83C8
[LOG] AsyncThread::threadFunc                  : Finished Asynchronous operation on sound 0000000053FA83C8
[LOG] AsyncThread::threadFunc                  : Starting Asynchronous operation on sound 0000000053FA88D8
[LOG] AsyncThread::threadFunc                  : Finished Asynchronous operation on sound 0000000053FA88D8
[LOG] AsyncThread::threadFunc                  : Starting Asynchronous operation on sound 0000000053FA8578
[LOG] SoundSourceInstrumentInstance::startChannelIfReady :     Loading delay exceeded, sound may play at incorrect time
[LOG] SoundSourceInstrumentInstance::startChannelIfReady :     Loading delay exceeded, sound may play at incorrect time
[LOG] SoundSourceInstrumentInstance::startChannelIfReady :     Loading delay exceeded, sound may play at incorrect time
[LOG] SoundSourceInstrumentInstance::startChannelIfReady :     Loading delay exceeded, sound may play at incorrect time
[LOG] SoundSourceInstrumentInstance::startChannelIfReady :     Loading delay exceeded, sound may play at incorrect time
[LOG] SoundSourceInstrumentInstance::startChannelIfReady :     Loading delay exceeded, sound may play at incorrect time
[LOG] SoundSourceInstrumentInstance::startChannelIfReady :     Loading delay exceeded, sound may play at incorrect time
[LOG] AsyncThread::threadFunc                  : Finished Asynchronous operation on sound 0000000053FA8578
[LOG] AsyncThread::threadFunc                  : Starting Asynchronous operation on sound 0000000053FA8728
[LOG] AsyncThread::threadFunc                  : Finished Asynchronous operation on sound 0000000053FA8728
[LOG] AsyncThread::threadFunc                  : Starting Asynchronous operation on sound 0000000053FA7B58
[LOG] AsyncThread::threadFunc                  : Finished Asynchronous operation on sound 0000000053FA7B58
[LOG] SoundSourceInstrumentInstance::startChannelIfReady : Loading delay exceeded, sound may play at incorrect time
[LOG] SoundSourceInstrumentInstance::startChannelIfReady : Loading delay exceeded, sound may play at incorrect time
[LOG] SoundSourceInstrumentInstance::startChannelIfReady : Loading delay exceeded, sound may play at incorrect time
[LOG] SoundI::release                          : burial style 26-Massive (0000000053EE3828)
[LOG] SoundI::release                          : remove stream samples. (0000000053EE3828)
[LOG] SoundI::release                          :     burial style 26-Massive (000000003ABCD838)
[LOG] SoundI::release                          :     done
[LOG] SoundI::release                          : release subsounds. (0000000053EE3828)
[LOG] SoundI::release                          :     burial style 26-Massive (0000000054418FD8)
[LOG] SoundI::release                          :     done
[LOG] SoundI::release                          : release codec. (0000000053EE3828)
[LOG] SoundI::release                          : done
[LOG] SoundI::release                          : burial style 29-Audio (000000005C30F3E8)
[LOG] SoundI::release                          : remove stream samples. (000000005C30F3E8)
[LOG] SoundI::release                          :     burial style 29-Audio (0000000067EA25F8)
[LOG] SoundI::release                          :     done
[LOG] SoundI::release                          : release subsounds. (000000005C30F3E8)
[LOG] SoundI::release                          :     burial style 29-Audio (0000000053FA7B58)
[LOG] SoundI::release                          :     done
[LOG] SoundI::release                          : release codec. (000000005C30F3E8)
[LOG] SoundI::release                          : done
[LOG] SoundI::release                          : burial style 22-Jup-8 V3 (000000005439C068)
[LOG] SoundI::release                          : remove stream samples. (000000005439C068)
[LOG] SoundI::release                          :     burial style 22-Jup-8 V3 (000000005460F428)
[LOG] SoundI::release                          :     done
[LOG] SoundI::release                          : release subsounds. (000000005439C068)
[LOG] SoundI::release                          :     burial style 22-Jup-8 V3 (00000000544185B8)
[LOG] SoundI::release                          :     done
[LOG] SoundI::release                          : release codec. (000000005439C068)
[LOG] SoundI::release                          : done
[LOG] SoundI::release                          : burial style 23-TAL-U-NO-LX-V2 (000000005C30F238)
[LOG] SoundI::release                          : remove stream samples. (000000005C30F238)
[LOG] SoundI::release                          :     burial style 23-TAL-U-NO-LX-V2 (0000000067EA2458)
[LOG] SoundI::release                          :     done
[LOG] SoundI::release                          : release subsounds. (000000005C30F238)
[LOG] SoundI::release                          :     burial style 23-TAL-U-NO-LX-V2 (0000000053FA8728)
[LOG] SoundI::release                          :     done
[LOG] SoundI::release                          : release codec. (000000005C30F238)
[LOG] SoundI::release                          : done
[LOG] SoundI::release                          : burial style 11 Audio (000000005C30F8F8)
[LOG] SoundI::release                          : remove stream samples. (000000005C30F8F8)
[LOG] SoundI::release                          :     burial style 11 Audio (0000000067EA3498)
[LOG] SoundI::release                          :     done
[LOG] SoundI::release                          : release subsounds. (000000005C30F8F8)
[LOG] SoundI::release                          :     burial style 11 Audio (0000000053FA88D8)
[LOG] SoundI::release                          :     done
[LOG] SoundI::release                          : release codec. (000000005C30F8F8)
[LOG] SoundI::release                          : done
[LOG] SoundI::release                          : burial style 13-Hi Hat (7) (000000005C30FAA8)
[LOG] SoundI::release                          : remove stream samples. (000000005C30FAA8)
[LOG] SoundI::release                          :     burial style 13-Hi Hat (7) (0000000067EA32F8)
[LOG] SoundI::release                          :     done
[LOG] SoundI::release                          : release subsounds. (000000005C30FAA8)
[LOG] SoundI::release                          :     burial style 13-Hi Hat (7) (00000000544180A8)
[LOG] SoundI::release                          :     done
[LOG] SoundI::release                          : release codec. (000000005C30FAA8)
[LOG] SoundI::release                          : done
[LOG] SoundI::release                          : burial style 32-Massive (0000000067BD5C18)
[LOG] SoundI::release                          : remove stream samples. (0000000067BD5C18)
[LOG] SoundI::release                          :     burial style 32-Massive (0000000067EA3158)
[LOG] SoundI::release                          :     done
[LOG] SoundI::release                          : release subsounds. (0000000067BD5C18)
[LOG] SoundI::release                          :     burial style 32-Massive (0000000054417EF8)
[LOG] SoundI::release                          :     done
[LOG] SoundI::release                          : release codec. (0000000067BD5C18)
[LOG] SoundI::release                          : done
[LOG] SoundI::release                          : burial style 4-Audio (000000005439BD08)
[LOG] SoundI::release                          : remove stream samples. (000000005439BD08)
[LOG] SoundI::release                          :     burial style 4-Audio (000000005460EDA8)
[LOG] SoundI::release                          :     done
[LOG] SoundI::release                          : release subsounds. (000000005439BD08)
[LOG] SoundI::release                          :     burial style 4-Audio (0000000054419188)
[LOG] SoundI::release                          :     done
[LOG] SoundI::release                          : release codec. (000000005439BD08)
[LOG] SoundI::release                          : done
[LOG] SoundI::release                          : burial style 14-Wood_Block (000000005C30F748)
[LOG] SoundI::release                          : remove stream samples. (000000005C30F748)
[LOG] SoundI::release                          :     burial style 14-Wood_Block (0000000067EA2E18)
[LOG] SoundI::release                          :     done
[LOG] SoundI::release                          : release subsounds. (000000005C30F748)
[LOG] SoundI::release                          :     burial style 14-Wood_Block (0000000053FA8068)
[LOG] SoundI::release                          :     done
[LOG] SoundI::release                          : release codec. (000000005C30F748)
[LOG] SoundI::release                          : done
[LOG] SoundI::release                          : burial style 28-Massive (000000005439BEB8)
[LOG] SoundI::release                          : remove stream samples. (000000005439BEB8)
[LOG] SoundI::release                          :     burial style 28-Massive (0000000067EA1F78)
[LOG] SoundI::release                          :     done
[LOG] SoundI::release                          : release subsounds. (000000005439BEB8)
[LOG] SoundI::release                          :     burial style 28-Massive (0000000054417B98)
[LOG] SoundI::release                          :     done
[LOG] SoundI::release                          : release codec. (000000005439BEB8)
[LOG] SoundI::release                          : done
[LOG] SoundI::release                          : burial style 20-Massive (000000005C30ED28)
[LOG] SoundI::release                          : remove stream samples. (000000005C30ED28)
[LOG] SoundI::release                          :     burial style 20-Massive (0000000067EA22B8)
[LOG] SoundI::release                          :     done
[LOG] SoundI::release                          : release subsounds. (000000005C30ED28)
[LOG] SoundI::release                          :     burial style 20-Massive (00000000544194E8)
[LOG] SoundI::release                          :     done
[LOG] SoundI::release                          : release codec. (000000005C30ED28)
[LOG] SoundI::release                          : done
[LOG] SoundI::release                          : burial style 12-PSY shaker01 (0000000053EE3678)
[LOG] SoundI::release                          : remove stream samples. (0000000053EE3678)
[LOG] SoundI::release                          :     burial style 12-PSY shaker01 (0000000067C84B08)
[LOG] SoundI::release                          :     done
[LOG] SoundI::release                          : release subsounds. (0000000053EE3678)
[LOG] SoundI::release                          :     burial style 12-PSY shaker01 (0000000054418E28)
[LOG] SoundI::release                          :     done
[LOG] SoundI::release                          : release codec. (0000000053EE3678)
[LOG] SoundI::release                          : done
[LOG] SoundI::release                          : burial style Kick (0000000067BD5A68)
[LOG] SoundI::release                          : remove stream samples. (0000000067BD5A68)
[LOG] SoundI::release                          :     burial style Kick (0000000067EA3638)
[LOG] SoundI::release                          :     done
[LOG] SoundI::release                          : release subsounds. (0000000067BD5A68)
[LOG] SoundI::release                          :     burial style Kick (0000000054418AC8)
[LOG] SoundI::release                          :     done
[LOG] SoundI::release                          : release codec. (0000000067BD5A68)
[LOG] SoundI::release                          : done
[LOG] SoundI::release                          : burial style 3-Audio (000000005C30F598)
[LOG] SoundI::release                          : remove stream samples. (000000005C30F598)
[LOG] SoundI::release                          :     burial style 3-Audio (0000000067EA2798)
[LOG] SoundI::release                          :     done
[LOG] SoundI::release                          : release subsounds. (000000005C30F598)
[LOG] SoundI::release                          :     burial style 3-Audio (0000000053FA83C8)
[LOG] SoundI::release                          :     done
[LOG] SoundI::release                          : release codec. (000000005C30F598)
[LOG] SoundI::release                          : done
[LOG] SoundI::release                          : burial style A-Reverb (000000005439C218)
[LOG] SoundI::release                          : remove stream samples. (000000005439C218)
[LOG] SoundI::release                          :     burial style A-Reverb (0000000067EA2FB8)
[LOG] SoundI::release                          :     done
[LOG] SoundI::release                          : release subsounds. (000000005439C218)
[LOG] SoundI::release                          :     burial style A-Reverb (0000000054419848)
[LOG] SoundI::release                          :     done
[LOG] SoundI::release                          : release codec. (000000005439C218)
[LOG] SoundI::release                          : done
[LOG] SoundI::release                          : burial style Org Bass (000000005C30EED8)
[LOG] SoundI::release                          : remove stream samples. (000000005C30EED8)
[LOG] SoundI::release                          :     burial style Org Bass (0000000067EA1C38)
[LOG] SoundI::release                          :     done
[LOG] SoundI::release                          : release subsounds. (000000005C30EED8)
[LOG] SoundI::release                          :     burial style Org Bass (0000000054418768)
[LOG] SoundI::release                          :     done
[LOG] SoundI::release                          : release codec. (000000005C30EED8)
[LOG] SoundI::release                          : done
[LOG] SoundI::release                          : burial style 17-Serum (0000000067BD5708)
[LOG] SoundI::release                          : remove stream samples. (0000000067BD5708)
[LOG] SoundI::release                          :     burial style 17-Serum (0000000067EA2118)
[LOG] SoundI::release                          :     done
[LOG] SoundI::release                          : release subsounds. (0000000067BD5708)
[LOG] SoundI::release                          :     burial style 17-Serum (0000000054419338)
[LOG] SoundI::release                          :     done
[LOG] SoundI::release                          : release codec. (0000000067BD5708)
[LOG] SoundI::release                          : done
[LOG] SoundI::release                          : burial style 24-Carbon Electra (0000000067BD58B8)
[LOG] SoundI::release                          : remove stream samples. (0000000067BD58B8)
[LOG] SoundI::release                          :     burial style 24-Carbon Electra (0000000067EA3978)
[LOG] SoundI::release                          :     done
[LOG] SoundI::release                          : release subsounds. (0000000067BD58B8)
[LOG] SoundI::release                          :     burial style 24-Carbon Electra (0000000054418918)
[LOG] SoundI::release                          :     done
[LOG] SoundI::release                          : release codec. (0000000067BD58B8)
[LOG] SoundI::release                          : done
[LOG] SoundI::release                          : burial style Perc 2 (0000000053EE39D8)
[LOG] SoundI::release                          : remove stream samples. (0000000053EE39D8)
[LOG] SoundI::release                          :     burial style Perc 2 (000000005460E8C8)
[LOG] SoundI::release                          :     done
[LOG] SoundI::release                          : release subsounds. (0000000053EE39D8)
[LOG] SoundI::release                          :     burial style Perc 2 (0000000054418408)
[LOG] SoundI::release                          :     done
[LOG] SoundI::release                          : release codec. (0000000053EE39D8)
[LOG] SoundI::release                          : done
[LOG] SoundI::release                          : burial style 25-Wurli2 Soft Piano (000000005C30F088)
[LOG] SoundI::release                          : remove stream samples. (000000005C30F088)
[LOG] SoundI::release                          :     burial style 25-Wurli2 Soft Piano (0000000067EA2938)
[LOG] SoundI::release                          :     done
[LOG] SoundI::release                          : release subsounds. (000000005C30F088)
[LOG] SoundI::release                          :     burial style 25-Wurli2 Soft Piano (0000000053FA8578)
[LOG] SoundI::release                          :     done
[LOG] SoundI::release                          : release codec. (000000005C30F088)
[LOG] SoundI::release                          : done
[LOG] Thread::callback                         : FMOD Studio update thread finished.
[LOG] Thread::callback                         : FMOD Studio bank load thread finished.
[LOG] Profile::disconnectAll                   : Profiler disconnecting all clients
[LOG] Thread::callback                         : FMOD Studio sample load thread finished.
[LOG] LiveUpdate::release                      : 
[LOG] LiveUpdate::reset                        : Reset connection (reason Disconnected)
[LOG] SystemI::close                           : 
[LOG] SystemI::close                           : Stop all sounds
[LOG] Thread::callback                         : FMOD stream thread finished.
[LOG] SystemI::close                           : Stream thread destroyed
[LOG] Thread::callback                         : FMOD mixer thread finished.
[LOG] SystemI::close                           : Free master channel group.
[LOG] SystemI::close                           : Remove 'master' sound group.
[LOG] SystemI::close                           : Free software output.
[LOG] SystemI::close                           : Free emulated output.
[LOG] SystemI::close                           : Free channel pool.
[LOG] Thread::callback                         : FMOD nonblocking thread (0) finished.
[LOG] Thread::callback                         : FMOD file thread finished.
[LOG] SystemI::close                           : done.

